<?xml version="1.0" encoding="UTF-8"?>
<!-- Generated by org.testng.reporters.JUnitReportReporter -->
<testsuite hostname="Mouris-MacBook-Air.local" failures="0" tests="5" name="mouri.project.com.Web_Automation_Marathon.LandingPage_Locator_practice" time="7.222" errors="0" timestamp="2024-07-30T08:30:10 BDT" skipped="0">
  <testcase classname="mouri.project.com.Web_Automation_Marathon.LandingPage_Locator_practice" name="userName" time="0.581"/>
  <system-out/>
  <testcase classname="mouri.project.com.Web_Automation_Marathon.LandingPage_Locator_practice" name="Password" time="0.536"/>
  <system-out/>
  <testcase classname="mouri.project.com.Web_Automation_Marathon.LandingPage_Locator_practice" name="signin" time="0.543"/>
  <system-out/>
  <testcase classname="mouri.project.com.Web_Automation_Marathon.LandingPage_Locator_practice" name="menu" time="5.027"/>
  <system-out/>
  <testcase classname="mouri.project.com.Web_Automation_Marathon.LandingPage_Locator_practice" name="logout" time="0.535"/>
  <system-out/>
</testsuite> <!-- mouri.project.com.Web_Automation_Marathon.LandingPage_Locator_practice -->
