<?xml version="1.0" encoding="UTF-8"?>
<!-- Generated by org.testng.reporters.JUnitReportReporter -->
<testsuite hostname="Mouris-MacBook-Air.local" failures="0" tests="1" name="seleniumFirstClass.OpenBrowser" time="7.779" errors="0" timestamp="2024-11-21T23:23:02 BDT" skipped="0">
  <testcase classname="seleniumFirstClass.OpenBrowser" name="openUrl" time="7.779"/>
  <system-out/>
</testsuite> <!-- seleniumFirstClass.OpenBrowser -->
