<?xml version="1.0" encoding="UTF-8"?>
<!-- Generated by org.testng.reporters.JUnitReportReporter -->
<testsuite hostname="Mouris-MacBook-Air.local" failures="0" tests="1" name="mouri.project.com.Web_Automation_Marathon.OpenUrl" time="3.532" errors="0" timestamp="2024-07-27T10:42:01 BDT" skipped="0">
  <testcase classname="mouri.project.com.Web_Automation_Marathon.OpenUrl" name="open" time="3.532"/>
  <system-out/>
</testsuite> <!-- mouri.project.com.Web_Automation_Marathon.OpenUrl -->
