<?xml version="1.0" encoding="UTF-8"?>
<!-- Generated by org.testng.reporters.JUnitReportReporter -->
<testsuite hostname="Mouris-MacBook-Air.local" failures="0" tests="6" name="mouri.project.com.Web_Automation_Marathon.LocatorPractice" time="155.304" errors="0" timestamp="2024-07-30T08:52:12 BDT" skipped="0">
  <testcase classname="mouri.project.com.Web_Automation_Marathon.LocatorPractice" name="urlOpen" time="153.387"/>
  <system-out/>
  <testcase classname="mouri.project.com.Web_Automation_Marathon.LocatorPractice" name="name" time="0.455"/>
  <system-out/>
  <testcase classname="mouri.project.com.Web_Automation_Marathon.LocatorPractice" name="email" time="0.358"/>
  <system-out/>
  <testcase classname="mouri.project.com.Web_Automation_Marathon.LocatorPractice" name="password" time="0.381"/>
  <system-out/>
  <testcase classname="mouri.project.com.Web_Automation_Marathon.LocatorPractice" name="company" time="0.361"/>
  <system-out/>
  <testcase classname="mouri.project.com.Web_Automation_Marathon.LocatorPractice" name="website" time="0.362"/>
  <system-out/>
</testsuite> <!-- mouri.project.com.Web_Automation_Marathon.LocatorPractice -->
