<?xml version="1.0" encoding="UTF-8"?>
<!-- Generated by org.testng.reporters.JUnitReportReporter -->
<testsuite hostname="Mouris-MacBook-Air.local" failures="0" tests="1" name="mouri.project.com.Web_Automation_Marathon.UrlOpen_01" time="76.934" errors="0" timestamp="2024-07-27T07:01:43 BDT" skipped="0">
  <testcase classname="mouri.project.com.Web_Automation_Marathon.UrlOpen_01" name="openUrl_01" time="76.934"/>
  <system-out/>
</testsuite> <!-- mouri.project.com.Web_Automation_Marathon.UrlOpen_01 -->
