<?xml version="1.0" encoding="UTF-8"?>
<!-- Generated by org.testng.reporters.JUnitReportReporter -->
<testsuite hostname="Mouris-MacBook-Air.local" failures="0" tests="2" name="mouri.project.com.Web_Automation_Marathon.TestNG_Examples" time="0.004" errors="0" timestamp="2024-11-21T22:17:43 BDT" skipped="0">
  <testcase classname="mouri.project.com.Web_Automation_Marathon.TestNG_Examples" name="test_2" time="0.002"/>
  <system-out/>
  <testcase classname="mouri.project.com.Web_Automation_Marathon.TestNG_Examples" name="test_1" time="0.002"/>
  <system-out/>
</testsuite> <!-- mouri.project.com.Web_Automation_Marathon.TestNG_Examples -->
